Sun Mar  1 06:57:09 UTC 2026: Daily auto-update
Sun Mar  1 13:51:30 UTC 2026: Daily auto-update
Mon Mar  2 14:31:31 UTC 2026: Daily auto-update
Tue Mar  3 14:33:13 UTC 2026: Daily auto-update
Wed Mar  4 14:10:32 UTC 2026: Daily auto-update
Thu Mar  5 14:34:20 UTC 2026: Daily auto-update
Fri Mar  6 14:06:42 UTC 2026: Daily auto-update
Sat Mar  7 13:51:04 UTC 2026: Daily auto-update
Sun Mar  8 13:52:12 UTC 2026: Daily auto-update
Mon Mar  9 15:14:24 UTC 2026: Daily auto-update
Tue Mar 10 14:36:39 UTC 2026: Daily auto-update
Wed Mar 11 14:37:47 UTC 2026: Daily auto-update
Thu Mar 12 14:37:57 UTC 2026: Daily auto-update
Fri Mar 13 14:30:47 UTC 2026: Daily auto-update
Sat Mar 14 13:57:45 UTC 2026: Daily auto-update
Sun Mar 15 14:00:24 UTC 2026: Daily auto-update
Mon Mar 16 13:24:09 UTC 2026: Daily auto-update
Tue Mar 17 13:22:45 UTC 2026: Daily auto-update
Wed Mar 18 13:23:52 UTC 2026: Daily auto-update
Thu Mar 19 13:16:50 UTC 2026: Daily auto-update
Fri Mar 20 13:10:24 UTC 2026: Daily auto-update
Sat Mar 21 12:59:57 UTC 2026: Daily auto-update
Sun Mar 22 13:01:59 UTC 2026: Daily auto-update
Mon Mar 23 13:19:07 UTC 2026: Daily auto-update
Tue Mar 24 13:22:51 UTC 2026: Daily auto-update
Wed Mar 25 13:22:13 UTC 2026: Daily auto-update
Thu Mar 26 13:39:40 UTC 2026: Daily auto-update
Fri Mar 27 13:17:20 UTC 2026: Daily auto-update
Sat Mar 28 13:05:11 UTC 2026: Daily auto-update
Sun Mar 29 13:06:11 UTC 2026: Daily auto-update
Mon Mar 30 13:45:00 UTC 2026: Daily auto-update
Tue Mar 31 13:43:49 UTC 2026: Daily auto-update
Wed Apr  1 13:46:08 UTC 2026: Daily auto-update
Thu Apr  2 13:25:05 UTC 2026: Daily auto-update
Fri Apr  3 13:13:54 UTC 2026: Daily auto-update
Sat Apr  4 13:05:57 UTC 2026: Daily auto-update
Sun Apr  5 13:08:13 UTC 2026: Daily auto-update
Mon Apr  6 13:20:55 UTC 2026: Daily auto-update
Tue Apr  7 13:27:28 UTC 2026: Daily auto-update
Wed Apr  8 13:42:25 UTC 2026: Daily auto-update
Thu Apr  9 13:53:34 UTC 2026: Daily auto-update
Fri Apr 10 13:21:33 UTC 2026: Daily auto-update
Sat Apr 11 13:09:12 UTC 2026: Daily auto-update
Sun Apr 12 13:11:15 UTC 2026: Daily auto-update
Mon Apr 13 13:50:32 UTC 2026: Daily auto-update
Tue Apr 14 13:55:57 UTC 2026: Daily auto-update
Wed Apr 15 13:49:28 UTC 2026: Daily auto-update
Thu Apr 16 13:58:27 UTC 2026: Daily auto-update
Fri Apr 17 13:40:59 UTC 2026: Daily auto-update
Sat Apr 18 13:12:10 UTC 2026: Daily auto-update
Sun Apr 19 13:11:55 UTC 2026: Daily auto-update
Mon Apr 20 13:53:13 UTC 2026: Daily auto-update
Tue Apr 21 13:54:21 UTC 2026: Daily auto-update
Wed Apr 22 13:54:23 UTC 2026: Daily auto-update
Thu Apr 23 13:56:16 UTC 2026: Daily auto-update
Fri Apr 24 13:47:18 UTC 2026: Daily auto-update
Sat Apr 25 13:15:02 UTC 2026: Daily auto-update
Sun Apr 26 13:16:21 UTC 2026: Daily auto-update
Mon Apr 27 14:05:37 UTC 2026: Daily auto-update
Tue Apr 28 14:23:42 UTC 2026: Daily auto-update
Wed Apr 29 14:09:44 UTC 2026: Daily auto-update
Thu Apr 30 14:07:44 UTC 2026: Daily auto-update
Fri May  1 13:27:57 UTC 2026: Daily auto-update
Sat May  2 13:22:14 UTC 2026: Daily auto-update
Sun May  3 13:21:17 UTC 2026: Daily auto-update
Mon May  4 14:12:14 UTC 2026: Daily auto-update
Wed May  6 14:26:02 UTC 2026: Daily auto-update
Thu May  7 14:25:55 UTC 2026: Daily auto-update
Fri May  8 14:01:08 UTC 2026: Daily auto-update
Sat May  9 13:26:21 UTC 2026: Daily auto-update
Sun May 10 13:38:46 UTC 2026: Daily auto-update
Mon May 11 15:21:18 UTC 2026: Daily auto-update
Tue May 12 14:34:26 UTC 2026: Daily auto-update
Wed May 13 14:44:53 UTC 2026: Daily auto-update
Thu May 14 14:25:04 UTC 2026: Daily auto-update
Fri May 15 14:18:57 UTC 2026: Daily auto-update
Sat May 16 13:41:39 UTC 2026: Daily auto-update
Sun May 17 13:40:50 UTC 2026: Daily auto-update
Mon May 18 15:41:54 UTC 2026: Daily auto-update
Tue May 19 15:34:47 UTC 2026: Daily auto-update
Wed May 20 15:32:49 UTC 2026: Daily auto-update
Thu May 21 15:37:57 UTC 2026: Daily auto-update
Fri May 22 14:47:53 UTC 2026: Daily auto-update
Sat May 23 13:45:24 UTC 2026: Daily auto-update
Sun May 24 13:44:51 UTC 2026: Daily auto-update
Mon May 25 15:17:23 UTC 2026: Daily auto-update
Tue May 26 15:51:01 UTC 2026: Daily auto-update
Wed May 27 15:55:53 UTC 2026: Daily auto-update
Thu May 28 16:09:44 UTC 2026: Daily auto-update
Fri May 29 15:50:42 UTC 2026: Daily auto-update
Sat May 30 13:48:51 UTC 2026: Daily auto-update
Sun May 31 13:54:29 UTC 2026: Daily auto-update
Mon Jun  1 17:50:28 UTC 2026: Daily auto-update
